[   .000] italizg roupubs cpet
[  0.0000Inialinggrousuys c
   0000]Initliing cgupubsycpcc
[  00000 Lux vsi 4.4-1-genicbuil@l01-a6428) ccersion.4 20160(Ubuu 4.-6ubtu16.09) #14Ubtu SP d ay 23::18 C 18 (un 44.0-4.8-geri4.4.7)
[  0.0000Coand neBOOT_IGEbootmluz-4.024genec oot=BE=cloimroot rconsoltt conletyS0[   0.0000] RN sppord us:   0.000   IelenineInt
    0000] AMAuhentAM
[    00000] CtaurenurHas[   .00000x8fpu:ste_ofet]:  76, tateiz[2]:  6[   .0000]86pu: pptingSA fearex01:x8flatinpot rests'
  .0000]86/f: pporngSAVEeare 02:SSE giers'
[   0000] x/f: Suorng XVEeatu 04:'AVXegters
[   .00000x8/fpuEnled ta fatur 0, cote sze i 8 bte ung'standd'formt.[   .000] x8fp: Usin'ly'FP ctet swch.
[  000000]82 BIOpridedphicl M p:
[  00000] OS820:me0x00000000000x000000fbffusle
[  00000 BS-e8: em 0x0000000c00x0000009fff rerve
[  0.00] IOS-82 [em 0000000f00-0x0000000fff] serv
   0.000 BIOe8: [m 00000000000-0x00000feff] sable[   .0000]IOe820[m 0x00007ff000x00007fffff API da[  00000 BS-e8: em0x0000fec0000x000000ec0fff rered
  0.0000] OSe80:[mem0x00000f0000-0000000e0ff] esve
[  00000 BS-e8: em 000000fc00-x00000fffff]eserd[   0.000] N (ecte Dsae)protti: actve[   .00000]SMBI 25 rent
[   0.000] Hersor teed: M[   .0000]82 laspf= x7ff0 x_rch_n  0400000
    00000 MRR: saed
  0.0000 x/PATMTs isabd,skippi P inialatio t.
[  00000]PUTRRslllank- rtaliz stem.
[   0000] 6/AT: nfuraton0-]: WB T UCUCWB WT UCUC 
[   00000] fndSMP -tle at emx000ff0x00ff] appeatffff80009ff0][   0.00] Scni 1areafolow mo corpton
[  .00000]RAIS: [me0xaac0-0754dff
[  0.0000ACPIEay tale ccksuvefiatio dabed[   0.000]ACPI RP x000000000000004 (v2 OX )
  0.0000 AI: XT 000000FF003000C (v1 OX  VBXS 00000ASL 00001)
   0.00000 AI:FACPx00000FF0F0 00 (v0 VX  VBOFA 000001 L 0000)
[  00000]CP DDT 0000007FF800021 (2 VBX VBXBIO000000IN 20152
[   .00000  AC: ACS 000000FF00 004
[    0000] AI:ACS x00000FF00 000
    .000] ACI:PI 0x00007FF2400006Cv0 VBO  OXAPC 00001 L 00001)
[  0.000] AI:SDT 000000FFB0 01C (1 OX  BOPU 00000INTL01528)
[   0000]  NMA cfirati fnd
  0.00000]akng aodat [m 00000000000-0x00007feff]
[   0000] DEATA( aocat [m 0xfe00-0ffff]
[   00000]kvclck: inmsrsb5d0 andb54d
   0.000] vm-coc cu 0,ms0:ffe301prmarycpu lok
[   00000]vmlockusg ccheofet o3200808 cls
[  .00000clksourcekvcloc mk: 0ffffffffffmax_cl: 0xd44dff m_ile_n: 1505913 
[  0.0000]onrangs:[   .000]   A    [m 0000000010-0000000fffff][   0000   D32  [mm 00000010000-000000feff]   0.000   Nma   emp
   0.000   Dic  emy[    00000] Mab zonstt foea nod
[  0.00] Eary moy no rges   0000]  no  0: [m 0000000010000x00000009ff]
[   .0000] ne  0: emx00000010000-00000007ffff][   0.0000 Iniemetupod0 [m 00000000000-0x00007ffff
[   .0000]AC: M-Tir  Port:x48
[  00000 IPI[0]:piid 4, eron32, drs 0xc000, I 23
[   .0000]AC: NT_SC_R bus  b_iq 0 ob_irq d dfl
[  .0000]CPI:NTRC_OR us0 us_irq glol_q 9 w ve)
[  000000 UinACPIMA) foSMcofiguti infmaon
  0.0000 sbootAlwing4 Us 0 htpg PUs   0.000 PM:egterenovememoy: [em 000000-000fff][   0.00] PM: gierednovememo: em 00000-0x000ff]
[  0000] : eegier nose mory[m 0x0a00-0x0eff]   0.000] PM Risred ose emor: em0x0000-0x000ff]
[  .00000e8: [m 08000000xbfff] aiableorCI dic
[  0000000Boing rartaliz krneln M
[   00000]losourcerened-ffs: mas: ffffffmacycl: ffffff m_idlns7645962115 n
[  0.0000sep_pepuNRCPUS12r_cpasbits:52 _cu_ds n_ne_s:
[   0.0000] ERU:Embeed4 pas/u @ff807fc00s995 r92d315 u4288[   0.00] PVsplok ha tle eri: 25 (de:  46 bys)
[   00000 Blt zonelsts  Nodorr,mobiitgrupngn. Talages5160
  0.0000 Picy neDMA3
[  0.0000 Kerl mmanli: BO_IGE=/otmlin-4.0124-nec ro=LEL=cudimroot rcossoltt1 coolttyS
[  0.00] PIha tabl eris: 46 rder 33268 bes
    0000 Memy:0335K/9669 ailble 53 kerl de, 13rwda, 996K rat 150 it, 16Kss 631K serv,  cmarervd)
  0.0000SLUB: aln=64 Oer0-3,inject0,PUs=4,od=1
  0.0000 KrnelUs pge tbl iolatn:nabld    0000] erchic R impmeaton.   0.0000 	uuil-te djusen of affano t64.[  0.000] RCrerictngPU froNRPUS=12o r_cpid4.
[  00000] CU Adjti geomey r rcfaut_lf=, nrpuds4
[  .00000NRRQS:3324r_rqs:6 
[   0.000] Cso: courGA+ x2
[   0000] cso [tt] abled
[  0.0000conse tyS0enled   0.000000] tsc: Detected 3403.344 MHz processor
[   33.128701] Calibrating delay loop (skipped) preset value.. 6806.68 BogoMIPS (lpj=13613376)
[   33.350818] pid_max: default: 32768 minimum: 301
[   33.468500] ACPI: Core revision 20150930
[   33.574023] ACPI: 2 ACPI AML tables successfully acquired and loaded
[   33.763640] Security Framework initialized
[   33.896737] Yama: becoming mindful.
[   33.990864] AppArmor: AppArmor initialized
[   34.111139] Dentry cache hash table entries: 262144 (order: 9, 2097152 bytes)
[   34.319063] Inode-cache hash table entries: 131072 (order: 8, 1048576 bytes)
[   34.512138] Mount-cache hash table entries: 4096 (order: 3, 32768 bytes)
[   34.708729] Mountpoint-cache hash table entries: 4096 (order: 3, 32768 bytes)
[   34.929627] Initializing cgroup subsys io
[   35.049112] Initializing cgroup subsys memory
[   35.197056] Initializing cgroup subsys devices
[   35.356720] Initializing cgroup subsys freezer
[   35.487070] Initializing cgroup subsys net_cls
[   35.607044] Initializing cgroup subsys perf_event
[   35.735208] Initializing cgroup subsys net_prio
[   35.881061] Initializing cgroup subsys hugetlb
[   36.008879] Initializing cgroup subsys pids
[   36.125412] CPU: Physical Processor ID: 0
[   36.242961] CPU: Processor Core ID: 0
[   36.349762] FEATURE SPEC_CTRL Not Present
[   36.469291] mce: CPU supports 0 MCE banks
[   36.579824] Last level iTLB entries: 4KB 512, 2MB 8, 4MB 8
[   36.721189] Last level dTLB entries: 4KB 512, 2MB 32, 4MB 32, 1GB 0
[   36.909286] Spectre V2 mitigation: Mitigation: Full generic retpoline
[   37.099200] Spectre V2 mitigation: Speculation control IBPB not-supported IBRS not-supported
[   37.363205] Freeing SMP alternatives memory: 32K
[   37.520935] ftrace: allocating 32202 entries in 126 pages
[   37.731277] smpboot: APIC(0) Converting physical 0 to logical package 0
[   37.909253] smpboot: Max logical packages: 1
[   38.029558] x2apic enabled
[   38.111344] Switched APIC routing to physical x2apic.
[   38.258787] ..TIMER: vector=0x30 apic1=0 pin1=2 apic2=-1 pin2=-1
[   38.547099] smpboot: CPU0: Intel(R) Core(TM) i7-3770 CPU @ 3.40GHz (family: 0x6, model: 0x3a, stepping: 0x9)
[   38.820921] Performance Events: unsupported p6 CPU model 58 no PMU driver, software events only.
[   39.072316] KVM setup paravirtual spinlock
[   39.195199] x86: Booting SMP configuration:
[   39.319232] .... node  #0, CPUs:      #1
[   39.439016] kvm-clock: cpu 1, msr 0:7ffe3041, secondary cpu clock
[   39.627549] mce: CPU supports 0 MCE banks
[   39.747122]  #2
[   39.802254] kvm-clock: cpu 2, msr 0:7ffe3081, secondary cpu clock
[   39.979103] mce: CPU supports 0 MCE banks
[   40.097466]  #3
[   40.147465] kvm-clock: cpu 3, msr 0:7ffe30c1, secondary cpu clock
[   40.262796] mce: CPU supports 0 MCE banks
[   40.324987] x86: Booted up 1 node, 4 CPUs
[   40.445856] smpboot: Total of 4 processors activated (27226.75 BogoMIPS)
[   40.638459] devtmpfs: initialized
[   40.739634] evm: security.selinux
[   40.840140] evm: security.SMACK64
[   40.929422] evm: security.SMACK64EXEC
[   41.016778] evm: security.SMACK64TRANSMUTE
[   41.143332] evm: security.SMACK64MMAP
[   41.243286] evm: security.ima
[   41.341374] evm: security.capability
[   41.449649] clocksource: jiffies: mask: 0xffffffff max_cycles: 0xffffffff, max_idle_ns: 7645041785100000 ns
[   41.730786] futex hash table entries: 1024 (order: 4, 65536 bytes)
[   41.919041] pinctrl core: initialized pinctrl subsystem
[   42.083023] RTC time:  7:10:21, date: 05/09/18
[   42.216963] NET: Registered protocol family 16
[   42.357451] cpuidle: using governor ladder
[   42.493599] cpuidle: using governor menu
[   42.608187] PCCT header not found.
[   42.705435] ACPI: bus type PCI registered
[   42.807722] acpiphp: ACPI Hot Plug PCI Controller Driver version: 0.5
[   42.972731] PCI: Using configuration type 1 for base access
[   43.134008] ACPI: Added _OSI(Module Device)
[   43.238716] ACPI: Added _OSI(Processor Device)
[   43.352203] ACPI: Added _OSI(3.0 _SCP Extensions)
[   43.496465] ACPI: Added _OSI(Processor Aggregator Device)
[   43.664681] ACPI: Executed 1 blocks of module-level executable AML code
[   43.852210] ACPI: Interpreter enabled
[   43.961205] ACPI: (supports S0 S5)
[   44.066195] ACPI: Using IOAPIC for interrupt routing
[   44.217571] PCI: Using host bridge windows from ACPI; if necessary, use "pci=nocrs" and report a bug
[   44.456138] ACPI: PCI Root Bridge [PCI0] (domain 0000 [bus 00-ff])
[   44.636442] acpi PNP0A03:00: _OSC: OS supports [ASPM ClockPM Segments MSI]
[   44.854202] acpi PNP0A03:00: _OSC: not requesting OS control; OS requires [ExtendedConfig ASPM ClockPM MSI]
[   45.146261] acpi PNP0A03:00: fail to add MMCONFIG information, can't access extended PCI configuration space under this bridge.
[   45.467443] PCI host bridge to bus 0000:00
[   45.601814] pci_bus 0000:00: root bus resource [io  0x0000-0x0cf7 window]
[   45.797016] pci_bus 0000:00: root bus resource [io  0x0d00-0xffff window]
[   46.004068] pci_bus 0000:00: root bus resource [mem 0x000a0000-0x000bffff window]
[   46.220078] pci_bus 0000:00: root bus resource [mem 0x80000000-0xfdffffff window]
[   46.434792] pci_bus 0000:00: root bus resource [bus 00-ff]
[   46.606822] pci 0000:00:01.1: legacy IDE quirk: reg 0x10: [io  0x01f0-0x01f7]
[   46.843694] pci 0000:00:01.1: legacy IDE quirk: reg 0x14: [io  0x03f6]
[   47.041861] pci 0000:00:01.1: legacy IDE quirk: reg 0x18: [io  0x0170-0x0177]
[   47.271224] pci 0000:00:01.1: legacy IDE quirk: reg 0x1c: [io  0x0376]
[   47.482540] pci 0000:00:07.0: quirk: [io  0x4000-0x403f] claimed by PIIX4 ACPI
[   47.689797] pci 0000:00:07.0: quirk: [io  0x4100-0x410f] claimed by PIIX4 SMB
[   47.914593] ACPI: PCI Interrupt Link [LNKA] (IRQs 5 9 10 *11)
[   48.047030] ACPI: PCI Interrupt Link [LNKB] (IRQs 5 9 *10 11)
[   48.178618] ACPI: PCI Interrupt Link [LNKC] (IRQs 5 *9 10 11)
[   48.345774] ACPI: PCI Interrupt Link [LNKD] (IRQs 5 9 10 *11)
[   48.491345] ACPI: Enabled 2 GPEs in block 00 to 07
[   48.630730] vgaarb: setting as boot device: PCI:0000:00:02.0
[   48.795245] vgaarb: device added: PCI:0000:00:02.0,decodes=io+mem,owns=io+mem,locks=none
[   49.031128] vgaarb: loaded
[   49.100718] vgaarb: bridge control possible 0000:00:02.0
[   49.240700] SCSI subsystem initialized
[   49.343694] ACPI: bus type USB registered
[   49.440151] usbcore: registered new interface driver usbfs
[   49.615100] usbcore: registered new interface driver hub
[   49.757996] usbcore: registered new device driver usb
[   49.913385] PCI: Using ACPI for IRQ routing
[   50.034908] NetLabel: Initializing
[   50.134689] NetLabel:  domain hash size = 128
[   50.261645] NetLabel:  protocols = UNLABELED CIPSOv4
[   50.386143] NetLabel:  unlabeled traffic allowed by default
[   50.565398] amd_nb: Cannot enumerate AMD northbridges
[   50.706868] clocksource: Switched to clocksource kvm-clock
[   .812 AArr:ppmo Filsyst Ebl
  1.85] p:nPCPint
[ 51593]npPnAC: un3 vis  2.14] ocoue:cppmmask0xff m_cle 0fff,axdlns207024s[  53.87] T:egteed ptol mi 2[ 537504] P taishe hastae trs:63 (de 513072 te
  4.48] P ndastae ntri: 38(oer6,624 te
  5566903]CPHa tlecoigedesblhe164 nd63)  6.89] P shtablenie 14 rd:  368yt)  7.01] P-te hh blenie 124 (de 3328 te
  8.024230NE Rgisteed otolamy 
[  55388pc00000:.0Liti decPCPCtrsfs
[  59630]ci00001. AivinISA A ngorrods[ 601600Unckg itmf..
[   62852]reing initrdmemory108K[ 62416]APPM detcted, APun i2^2 ul, fid unrs 10737418240 ms ovfl timer
[   3.04]  ut  daippco 2^-0 Joules
  3.92]  ut  daipaag2^ Jle
[ 64534]w itf man pp-gpu 2^-0 Joes[ 64659]laorrtcm: gier ptfm TC dvi ( P dic found)
[ 65782]cainfolomeryorruption very 6 son
  6.83] c:efed TC clksrccabrio 33.1 z
[   67.176596] clocksource: tsc: mask: 0xffffffffffffffff max_cycles: 0x3110bd320da, max_idle_ns: 440795321623 ns
ÿ[   67.176968] audit: initializing netlink subsys (disabled)
[   67.176979] audit: type=2000 audit(1525849801.851:1): initialized
[   67.177226] Inntialise system trusted keyring
[   67.177441] HugeTLB registered 2 MB page size, pre-allocated 0 pages
[   67.178611] zbud: loaded
[   67.178925] VFS: Disk quotas dquot_6.6.0
[   67.178948] VFS: Dquot-cache hash table entries: 512 (order 0, 4096 bytes)
[   67.179150] squashfs: version 4.0 (2009/01/31) Phillip Lougher
[   67.179405] fuse init (API version 7.23)
[   67..79499] Key type big_key registered
[   67.179513] Allocating IMA MOK and blacklist keyrings.
[   67.180761] Key type asymmetric registered
[   67.180763] Asymmetric key parser 'x509' registered
[   67.180792] Block layer SCSI generic (bsg) driver version 0.4 loaded (major 249)
[   67.180852] io scheduler noop registered
[   67.180854] io scheduler deadline registered (default)
[   67.180884] io scheduler cfq registered
[   67.180965] pci_hotplug: PCI Hot Plug PCI Core version: 0.5
[   67.180968] pciehp: PCI Express Hot Plug Controller Driver version: 0.4
[   67.181067] ACPI: AC Adapter [AC] (on-line)
[   67.181124] input: Power Button as /devices/LNXSYSTM:00/LNXPWRBN:00/input/input0
[   67.181127] ACPI: Power Button [PWRF]
[   67.181185] input: Sleep Button as /devices/LNXSYSTM:00/LNXSLPBN:00/input/input1
[   67.181186] ACPI: Sleep Button [SLPF]
[   67.181414] GHES: HEST is not enabled!
[   67.181480] Serial: 8250/16550 driver, 32 ports, IRQ sharing enabled
[   67.505302] 00:02: ttyS0 at I/O 0x3f8 (irq = 4, base_baud = 115200) is a 16550A
[   67.675116] Linux agpgart interface v0.103
[   67.857055] loop: module loaded
[   67.857703] scsi host0: ata_piix
[   67.857843] scsi host1: ata_piix
[   67.857891] ata1: PATA max UDMA/33 cmd 0x1f0 ctl 0x3f6 bmdma 0xd000 irq 14
[   67.857892] ata2: PATA max UDMA/33 cmd 0x170 ctl 0x376 bmdma 0xd008 irq 15
[   67.858011] libphy: Fixed MDIO Bus: probed
[   67.858014] tun: Universal TUN/TAP device driver, 1.6
[   67.858014] tun: (C) 1999-2004 Max Krasnyansky <maxk@qualcomm.com>
[   67.858059] PPP generic driver version 2.4.2
[   67.858118] ehci_hcd: USB 2.0 'Enhanced' Host Controller (EHCI) Driver
[   67.858122] ehci-pci: EHCI PCI platform driver
[   67.858132] ehci-platform: EHCI generic platform driver
[   67.858140] ohci_hcd: USB 1.1 'Open' Host Controller (OHCI) Driver
[   67.858144] ohci-pci: OHCI PCI platform driver
[   67.858153] ohci-platform: OHCI generic platform drivvr
[   67.858160] uhci_hcd: USB Universal Host Controller Interface driver
[   67.858218] i8042: PNP: PS/2 Controller [PNP0303:PS2K,PNP0f03:PS2M] at 0x60,0x64 irq 1,12
[   67.858975] serio: i8042 KBD port at 0x60,0x64 irq 1
[   67.858980] serio: i8042 AUX port at 0x60,0x64 irq 12
[   67.859091] mousedev: PS/2 mouse device common for all mice
[   67.859466] rtc_cmos rtc_cmos: rtc core: registered rtc_cmos as rtc0
[   67.859540] rtc_cmos rtc_cmos: alarms up to one day, 114 bytes nvram
[   67.859547] i2c /dev entries driver
[   67.859602] device-mapper: uevent: version 1.0.3
[   67.859675] device-mapper: ioctl: 4.34.0-ioctl (2015-10-28) initialised: dm-devel@redhat.com
[   67.859692] ledtrig-cpu: registered to indicate activity on CPUs
[   67.860227] NET: Registered protocol family 10
[   67.860391] input: AT Translated Set 2 keyboard as /devices/platform/i8042/serio0/input/input2
[   67.860504] NET: Registered protocol family 17
[   67.860512] Key type dns_resolver registered
[   67.860833] registered taskstats version 1
[   67.860847] Loading compiled-in X.509 certificates
[   67.861468] Loaded X.509 cert 'Build time autogenerated kernel key: 97a7db5071cab428e7f67f96f51ed8d32b3fc527'
[   67.861485] zswap: loaded using pool lzo/zbud
[   67.863147] Key type trusted registered
[   67.866713] Key type encrypted registered
[   67.866720] AppArmor: AppArmor sha1 policy hashing enabled
[   67.866723] ima: No TPM chip found, activating TPM-bypass!
[   67.866749] evm: HMAC attrs: 0x1
[   67.867126]   Magic number: 2:27:167
[   67.867161] acpi PNP0000:00: hash matches
[   67.973073] rtc_cmos rtc_cmos: setting system clock to 2018-05-09 07:10:47 UTC (1525849847)
[   67.973261] BIOS EDD facility v0.16 2004-Jun-25, 0 devices found
[   67.973261] EDD information not available.
[   78.600583] Freeing unused kernel memory: 1508K
[   78.730584] Write protecting the kernel read-only data: 14336k
[   78.892518] Freeing unused kernel memory: 1696K
[   79.031828] Freeing unused kernel memory: 100K
Loading, please [   79.160446] random: systemd-udevd: uninitialized urandom read (16 bytes read, 4 bits of entropy available)
wait...
startin[   79.161023] random: udevadm: uninitialized urandom read (16 bytes read, 4 bits of entropy available)
g version 229
[   79.161038] random: udevadm: uninitialized urandom read (16 bytes read, 4 bits of entropy available)
[   79.172704] random: udevadm: uninitialized urandom read (16 bytes read, 4 bits of entropy available)
[   79.172738] random: udevadm: uninitialized urandom read (16 bytes read, 4 bits of entropy available)
[   79.172932] random: udevadm: uninitialized urandom read (16 bytes read, 4 bits of entropy available)
[   79.172974] random: udevadm: uninitialized urandom read (16 bytes read, 4 bits of entropy available)
[   79.173016] random: udevadm: uninitialized urandom read (16 bytes read, 4 bits of entropy available)
[   79.173056] random: udevadm: uninitialized urandom read (16 bytes read, 4 bits of entropy available)
[   79.173096] random: udevadm: uninitialized urandom read (16 bytes read, 4 bits of entropy available)
[   81.133307] Fusion MPT base driver 3.04.20
[   81.227764] Copyright (c) 1999-2008 LSI Corporation
[   81.346230] Fusion MPT SPI Host driver 3.04.20
[   81.348362] e1000: Intel(R) PRO/1000 Network Driver - version 7.3.21-k8-NAPI
[   81.348363] e1000: Copyright (c) 1999-2006 Intel Corporation.
[   81.727698] e1000 0000:00:03.0 eth0: (PCI:33MHz:32-bit) 02:ac:a2:c8:15:3b
[   81.727701] e1000 0000:00:03.0 eth0: Intel(R) PRO/1000 Network Connection
[   82.172012] mptbase: ioc0: Initiating bringup
[   82.282249] AVX version of gcm_enc/dec engaged.
[   82.359161] ioc0: LSI53C1030 A0: Capabilities={Initiator}
[   82.548092] AES CTR mode by8 optimization enabled
[   82.571747] scsi host2: ioc0: LSI53C1030 A0, FwRev=00000000h, Ports=1, MaxQ=256, IRQ=20
[   82.711477] scsi 2:0:0:0: Direct-Access     VBOX     HARDDISK         1.0  PQ: 0 ANSI: 5
[   82.711483] scsi target2:0:0: Beginning Domain Validation
[   82.712215] scsi target2:0:0: Domain Validation skipping write tests
[   82.712216] scsi target2:0:0: Ending Domain Validation
[   82.712252] scsi target2:0:0: asynchronous
[   82.712658] scsi 2:0:1:0: Direct-Access     VBOX     HARDDISK         1.0  PQ: 0 ANSI: 5
[   82.712661] scsi target2:0:1: Beginning Domain Validation
[   82.713413] scsi target2:0:1: Domain Valldation skipping write tests
[   82.713414] scsi target2:0:1: Ending Domain Validation
[   82.713450] scsi target2:0:1: asynchronous
[   82.718706] sd 2:0:0:0: [sda] 125829120 512-byte logical blocks: (64.4 GB/60.0 GiB)
[   82.718915] sd 2:0:0:0: [sda] Write Protect is off
[   82.719054] sd 2:0:0:0: [sda] Incomplete mode parameter data
[   82.719055] sd 2:0:0:0: [sda] Assuming drive cache: write through
[   82.895025] sd 2:0:0:0: Attached scsi generic sg0 type 0
[   82.895626] sd 2:0:1:0: Attached scsi generic sg1 type 0
[   82.895648] sd 2:0:1:0: [sdb] 20480 512-byte logical blocks: (10.5 MB/10.0 MiB)
[   82.895800] sd 2:0:1:0: [sdb] Write Protect is off
[   82.895900] sd 2:0:1:0: [sdb] Incomplete mode parameter data
[   82.895902] sd 2:0:1:0: [sdb] Assuming drive cache: write through
[   82.897388]  sda: sda1
[   82.898039] sd 2:0:0:0: [sda] Attached SCSI disk
[   82.898601] sd 2:0:1:0: [sdb] Attached SCSI disk
[   83.766101] e1000 0000:00:03.0 enp0s3: renamed from eth0
[   84.787358] input: ImExPS/2 Generic Explorer Mouse as /devices/platform/i8042/serio1/input/input4
Begin: Loading e[   88.222477] md: linear personality registered for level -1
ssential drivers[   88.366169] md: multipath personality registered for level -4
 ... [   88.590186] md: raid0 personality registered for level 0
[   88.727340] md: raid1 personality registered for level 1
[   88.987326] raid6: sse2x1   gen()  9187 MB/s
[   89.195481] raid6: sse2x1   xor()  7251 MB/s
[   89.387307] raid6: sse2x2   gen() 12109 MB/s
[   89.555030] raid6: sse2x2   xor()  6737 MB/s
[   89..67049] raid6: sse2x4   gen() 14030 MB/s
[   89.947290] raid6: sse2x4   xor()  9794 MB/s
[   90.081287] raid6: using algorithm sse2x4 gen() 14030 MB/s
[   90.247383] raid6: .... xor() 9794 MB/s, rmw enabled
[   90.399069] raid6: using ssse3x2 recovery algorithm
[   90.544522] xor: automatically using best checksumming function:
[   90.778981]    avx       : 20918.000 MB/sec
[   90.914235] async_tx: api initialized (async)
[   91.068484] md: raid6 personality registered for level 6
[   91.211332] md: raid5 personality registered for level 5
[   91.348056] md: raid4 personality registered for level 4
[   91.515971] md: raid10 personality registered for level 10
done.
Begin: Running /scripts/i[   91.721735] Btrfs loaded
nit-premount ...[   91.812907] EXT4-fs (sda1): mounted filesystem with ordered data mode. Opts: (null)
 done.
Begin: Mounting root file system ... Begin: Running /scripts/local-top ... done.
Begin: Running /scripts/local-premount ... Scanning for Btrfs filesystems
done.
Warning: fsck not present, so skipping root file system
done.
Begin: Running /scripts/local-bottom ... done.
Begin: Running /scripts/init-bottom ... done.
[   92.451763] systemd[1]: systemd 229 running in system mode. (+PAM +AUDIT +SELINUX +IMA +APPARMOR +SMACK +SYSVINIT +UTMP +LIBCRYPTSETUP +GCRYPT +GNUTLS +ACL +XZ -LZ4 +SECCOMP +BLKID +ELFUTILS +KMOD -IDN)
[   92.990802] systemd[1]: Detected virtualization oracle.
[   93.159355] systemd[1]: Detected architecture x86-64.

Welcome to [1mUbuntu 16.04.4 LTS[0m!

[   93.375788] systemd[1]: Set hostname to <ubuntu>.
[   93.522283] systemd[1]: Initializing machine ID from random generator.
[   93.643352] systemd[1]: Installed transient /etc/machine-id file.
[   93.914856] systemd[1]: Set up automount Arbitrary Executable File Formats File System Automount Point.
[[0;32m  OK  [0m] Set up automount Arbitrary Executab...ats File System Automount Point.
[ 94648]ysmd[1]:isni o /deintc CmpaibitNaed Ppe.
[[0;32m  OK  [0m] Listening on /dev/initctl Compatibility Named Pipe.
[  95.82] std[: ard orwad ssrdRequtso all reorWach.
[[0;32m  OK  [0m] Started Forward Password Requests to Wall Directory Watch.
[ 96312]ysmd]:taed Tigr soconfpde r neor D.
[[0;32m  OK  [0m] Started Trigger resolvconf update for networkd DNS.
[ 975136syem1]Crte sceser d ssn lice

[[0;32m  OK  [0m] Created slice User and Session Slice.
[   .853 sstem1]Rehetarg  Sw.
[   98.379763] random: nonblocking pool is initialized
[[0;32m  OK  [0m] Reached target Swap.
[ 9844044]syem1] RehetaetSystm Tmeynrozed.
[[0;32m  OK  [0m] Reached target System Time Synchronized.
[ 99990]ysemd[: sting n vi-mpperve dmo FIFs.
[[0;32m  OK  [0m] Listening on Device-mapper event daemon FIFOs.
[ 102318syem1]Crte sli SteSlce.
[[0;32m  OK  [0m] Created slice System Slice.
[ 1093160] sstmd]:eaedart erndro Ne oks.
[[0;32m  OK  [0m] Reached target User and Group Name Lookups.
[  1017739] syte[1 Rched tageSles

[[0;32m  OK  [0m] Reached target Slices.
[ 102.717]ysmd]:isningn M2ol daeon ske
[[0;32m  OK  [0m] Listening on LVM2 poll daemon socket.
[ 0247420] sysmd]:isnig onoualud Ske
[[0;32m  OK  [0m] Listening on Journal Audit Socket.
[ 034714] systd[: isni oudv Kenel ck.
[[0;32m  OK  [0m] Listening on udev Kernel Socket.
[ 04114]ysmd]:Listinonournl Sock (ev/l).
[[0;32m  OK  [0m] Listening on Journal Socket (/dev/log).
[  15.93] std[: stinonoualoct.

[[0;32m  OK  [0m] Listening on Journal Socket.
[  105.711268] systemd[1]: Mounting Debug File System...
         Mounting Debug File System...
[  105.931153] systemd[1]: Starting Load Kernel Modules...
         [  106.084591] Loading iSCSI transport class v2.0-870.
Starting Load Ke[  106.256307] iscsi: registered transport (tcp)
rnel Modules...
[  106.426535] iscsi: registered transport (iser)
[  106.563016] systemd[1]: Starting Nameserver information manager...
         Starting Nameserver information manager...
[  106.819045] systemd[1]: Starting Uncomplicated firewall...
         Starting Uncomplicated firewall...
[  107.075398] systemd[1]: Starting Set console keymap...
         Starting Set console keymap...
[ 07994]ysmd]:ListinonysloSoet

[[0;32m  OK  [0m] Listening on Syslog Socket.
[  107.959282] systemd[1]: Starting Journal Service...
         Starting Journal Service...
[  108.203336] systemd[1]: Starting Create list of required static device nodes for the current kernel...
         Starting Create list of required st... nodes for the current kernel...
[ 0840364]ysmd]: Rch tget EncrteVome
[[0;32m  OK  [0m] Reached target Encrypted Volumes.
[  109.339512] systemd[1]: Mounting POSIX Message Queue File System...
         Mounting POSIX Message Queue File System...
[ 09155] sted[1] Lteningn M2metadatadaemon ske
[[0;32m  OK  [0m] Listening on LVM2 metadata daemon socket.
[  110.311120] systemd[1]: Starting Monitoring of LVM2 mirrors, snapshots etc. using dmeventd or progress polling...
         Starting Monitoring of LVM2 mirrors... dmeventd or progress polling...
[ 108223] ysmd]:Created slicsyemerl\x2et.sce

[[0;32m  OK  [0m] Created slice system-serial\x2dgetty.slice.
[ 11527957 ste[1: Liteing  uevontr Scket.
[[0;32m  OK  [0m] Listening on udev Control Socket.
[  112.135634] systemd[1]: Mounting Huge Pages File System...
         Mounting Huge Pages File System...
[  112.339352] systemd[1]: Starting Remount Root and Kernel File Systems...
         [  112.530179] EXT4-fs (sda1): re-mounted. Opts: (null)
Starting Remount Root and Kernel File Systems...
[  112.740339] systemd[1]: Mounted Huge Pages File System.
[[0;32m  OK  [0m] Mounted Huge Pages File System.
[ 11951233syem1]MoteDeg leysm.
[[0;32m  OK  [0m] Mounted Debug File System.
[ 1335108]ystemd[1 MouedOS Message Quue File Sst.
[[0;32m  OK  [0m] Mounted POSIX Message Queue File System.
[ 14113]ysmd[1: Strtd url Seric
[[0;32m  OK  [0m] Started Journal Service.
[[0;32m  OK  [0m] Started Load Kernel Modules.
[[0;32m  OK  [0m] Started Uncomplicated firewall.
[[0;32m  OK  [0m] Started Set console keymap.
[[0;32m  OK  [0m] Started Create list of required sta...ce nodes for the current kernel.
[[0;32m  OK  [0m] Started Remount Root and Kernel File Systems.
[[0;32m  OK  [0m] Started Nameserver information manager.
[[0;32m  OK  [0m] Started LVM2 metadata daemon.
         Starting Initial cloud-init job (pre-networking)...
         Starting Load/Save Random Seed...
         Starting udev Coldplug all Devices...
         Starting Create Static Device Nodes in /dev...
         Starting Apply Kernel Variables...
         Mounting FUSE Control File System...
         Starting Flush Journal to Persistent Storage...
[[0;32m  OK  [0m] Mounted FUSE Control File System.
[[0;32m  OK  [0m] Started Monitoring of LVM2 mirrors,...ng dmeventd or progress polling.
[[0;32m  OK  [0m] Started Load/Save Random Seed.
[[0;32m  OK  [0m] Started Create Static Device Nodes in /dev.
[[0;32m  OK  [0m] Started Apply Kernel Variables.
[[0;32m  OK  [0m] Started udev Coldplug all Devices.
[[0;32m  OK  [0m] Started Flush Journal to Persistent Storage.
[   66.970017] cloud-init[463]: Cloud-init v. 18.2 running 'init-local' at Wed, 09 May 2018 07:11:35 +0000. Up 66.68 seconds.
         Starting udev Kernel Device Manager...
[[0;32m  OK  [0m] Started udev Kernel Device Manager.
[[0;32m  OK  [0m] Started Initial cloud-init job (pre-networking).
[[0;32m  OK  [0m] Found device /dev/ttyS0.
[[0;32m  OK  [0m] Listening on Load/Save RF Kill Switch Status /dev/rfkill Watch.
[[0;32m  OK  [0m] Reached target Network (Pre).
[[0;32m  OK  [0m] Started Dispatch Password Requests to Console Directory Watch.
[[0;32m  OK  [0m] Reached target Local File Systems (Pre).
[[0;32m  OK  [0m] Reached target Local File Systems.
         Starting LSB: AppArmor initialization...
         Starting Set console font and keymap...
         Starting Commit a transient machine-id on disk...
         Starting Tell Plymouth To Write Out Runtime Data...
         Starting Create Volatile Files and Directories...
[[0;32m  OK  [0m] Started Commit a transient machine-id on disk.
[[0;32m  OK  [0m] Started Tell Plymouth To Write Out Runtime Data.
[[0;32m  OK  [0m] Started Create Volatile Files and Directories.
[[0;1;31mFAILED[0m] Failed to start Set console font and keymap.
See 'systemctl status console-setup.service' for details.
[[0;32m  OK  [0m] Created slice system-getty.slice.
         Starting Update UTMP about System Boot/Shutdown...
[[0;32m  OK  [0m] Started Update UTMP about System Boot/Shutdown.
[[0;32m  OK  [0m] Started LSB: AppArmor initialization.
         Starting Raise network interfaces...
[[0;32m  OK  [0m] Started ifup for enp0s3.
[[0;32m  OK  [0m] Started Raise network interfaces.
         Starting Initial cloud-init job (metadata service crawler)...
[[0;32m  OK  [0m] Reached target Network.
[   70.863243] cloud-init[943]: Cloud-init v. 18.2 running 'init' at Wed, 09 May 2018 07:11:39 +0000. Up 70.17 seconds.
[[0;32m  OK  [0m] Started Initial cloud-init job (metadata service crawler).
[   70.981927] [cloud-init[0;32m  OK  [0m[943]: ] ci-info: +++++++++++++++++++++++++++++++++++++Net device info++++++++++++++++++++++++++++++++++++++Reached target Cloud-config availability.

[   71.284726] [cloud-init[0;32m  OK  [0m[943]: ] ci-info: +--------+------+----------------------------+---------------+-------+-------------------+Reached target System Initialization.

[   71.621238] [cloud-init[0;32m  OK  [0m[943]: ] ci-info: | Device |  Up  |          Address           |      Mask     | Scope |     Hw-Address    |Listening on D-Bus System Message Bus Socket.

[   71.621796] [cloud-init[0;32m  OK  [0m[943]: ] ci-info: +--------+------+----------------------------+---------------+-------+-------------------+Listening on ACPID Listen Socket.

[[0;32m  OK  [0m] Started Daily Cleanup of Temporary Directories.
[[0;32m  OK  [0m] Listening on UUID daemon activation socket.
[   71.805264] cloud-init[943]: ci-info: | enp0s3 | True |         10.0.2.15          | 255.255.255.0 |   .   | 02:ac:a2:c8:15:3b |
[   72.276801]          cloud-initStarting Socket activation for snappy daemon.[943]: 
ci-info: | enp0s3 | True | fe80::ac:a2ff:fec8:153b/64 |       .       |  link | 02:ac:a2:c8:15:3b |
[   72.516088] [cloud-init[0;32m  OK  [0m[943]: ] ci-info: |   lo   | True |         127.0.0.1          |   255.0.0.0   |   .   |         .         |Started Daily apt download activities.

[   72.770490]          cloud-initStarting LXD - unix socket.[943]: 
ci-info: |   lo   | True |          ::1/128           |       .       |  host |         .         |
[   73.000488] [cloud-init[0;32m  OK  [0m[943]: ] ci-info: +--------+------+----------------------------+---------------+-------+-------------------+Started Daily apt upgrade and clean activities.

[[0;32m  OK  [0m] Reached target Timers.
[   73.000981] cloud-init[943]: ci-info: +++++++++++++++++++++++++++Route IPv4 info++++++++++++++++++++++++++++
[   73.488679] [cloud-init[0;32m  OK  [0m[943]: ] ci-info: +-------+-------------+----------+---------------+-----------+-------+Started ACPI Events Check.

[   73.708275] [cloud-init[0;32m  OK  [0m[943]: ] ci-info: | Route | Destination | Gateway  |    Genmask    | Interface | Flags |Reached target Paths.

[   73.936613] [cloud-init[0;32m  OK  [0m[943]: ] ci-info: +-------+-------------+----------+---------------+-----------+-------+Reached target Network is Online.

[   73.937151] cloud-init[943]: ci-info: |   0   |   0.0.0.0   | 10.0.2.2 |    0.0.0.0    |   enp0s3  |   UG  |
[   74.260350]          cloud-initStarting iSCSI initiator daemon (iscsid)...[943]: 
ci-info: |   1   |   10.0.2.0  | 0.0.0.0  | 255.255.255.0 |   enp0s3  |   U   |
[   74.524430] [cloud-init[0;32m  OK  [0m[943]: ] ci-info: +-------+-------------+----------+---------------+-----------+-------+Listening on Socket activation for snappy daemon.

[   74.524902] [cloud-init[0;32m  OK  [0m[943]: ] Generating public/private rsa key pair.Listening on LXD - unix socket.

[   74.901227] [cloud-init[0;32m  OK  [0m[943]: ] Your identification has been saved in /etc/ssh/ssh_host_rsa_key.Reached target Sockets.

[   75.112740] [cloud-init[0;32m  OK  [0m[943]: ] Your public key has been saved in /etc/ssh/ssh_host_rsa_key.pub.Reached target Basic System.

[   75.113183] cloud-init[943]: The key fingerprint is:
[   75.348366] [cloud-init[0;32m  OK  [0m[943]: ] SHA256:kNpt58XjLwqsphQdNDsuefdICEF/PXvODbe7idLM3LA root@ubuntu-xenialStarted D-Bus System Message Bus.

[   75.348774] cloud-init[943]: The key's randomart image is:
[   75.628410] cloud-init[943]: +---[RSA 2048]----+
         Starting System Logging Service...
[   75.628959] cloud-init[943]: |   .o o          |
[   75.828524]          cloud-initStarting LXD - container startup/shutdown...[943]: 
|     + + .       |
[   75.980277] [cloud-init[0;32m  OK  [0m[943]: ] |    . B . o      |Started Deferred execution scheduler.

[   75.980736] cloud-init[943]: |     B B   +     |
[   76.185049]          cloud-initStarting /etc/rc.local Compatibility...[943]: 
|    = * S o * .  |
[   76.321089] [cloud-init[0;32m  OK  [0m[943]: ] |     + = = *.= . |Started Regular background program processing daemon.

[   76.321684] cloud-init[943]: |    .   + o=++o  |
[   76.532800]          cloud-initStarting Virtualbox guest utils...[943]: 
|   .  .. .. Eo.o |
[   76.668527] [cloud-init[0;32m  OK  [0m[943]: ] |    .o.   .o..=. |Started Unattended Upgrades Shutdown.

[   76.669313] cloud-init[943]: +----[SHA256]-----+
[   76.864985]          cloud-initStarting LSB: MD monitoring daemon...[943]: 
Generating public/private dsa key pair.
[   77.028816]          cloud-initStarting Login Service...[943]: 
Your identification has been saved in /etc/ssh/ssh_host_dsa_key.
[   77.185460]          cloud-initStarting Apply the settings specified in cloud-config...[943]: 
Your public key has been saved in /etc/ssh/ssh_host_dsa_key.pub.
[   77.345165] [cloud-init[0;32m  OK  [0m[943]: ] The key fingerprint is:Started FUSE filesystem for LXC.

[   77.345673] cloud-init[943]: SHA256:4ifrTje7fZ9h6GjKXkjrbAPKK/v5RRiZBgG0Q0IoL0A root@ubuntu-xenial
[   77.522164]          cloud-initStarting Accounts Service...[943]: 
The key's randomart image is:
[   77.641097]          cloud-initStarting LSB: Record successful boot for GRUB...[943]: 
+---[DSA 1024]----+
[   77.768343] [cloud-init[0;32m  OK  [0m[943]: ] |=E+.o.           |Started ACPI event daemon.

[   77.768819] cloud-init[943]: |+o . . o         |
[   77.937041]          cloud-initStarting Pollinate to seed the pseudo random number generator...[943]: 
|o.o   =          |
[   78.088151]          cloud-initStarting Snappy daemon...[943]: 
|. .. . o         |
[   78.200505] [cloud-init[0;32m  OK  [0m[943]: ] | .    o S        |Started System Logging Service.

[   78.312566] [cloud-init[0;32m  OK  [0m[943]: ] |     ..+ o   .   |Started iSCSI initiator daemon (iscsid).

[   78.312889] cloud-init[943]: |   . .+.B . . o  |
[   78.521552] [cloud-init[0;32m  OK  [0m[943]: ] |  . oo Xo=.o.. o |Started LXD - container startup/shutdown.

[   78.521825] cloud-init[943]: |  .++==oO=o...o  |
[   78.708951] [cloud-init[0;32m  OK  [0m[943]: ] +----[SHA256]-----+Started /etc/rc.local Compatibility.

[[   78.709237] [0;32m  OK  [0mcloud-init] [943]: Started Snappy daemon.Generating public/private ecdsa key pair.

[   78.936966] [cloud-init[0;32m  OK  [0m[943]: ] Your identification has been saved in /etc/ssh/ssh_host_ecdsa_key.Started LSB: MD monitoring daemon.

[[   78.937290] [0;32m  OK  [0mcloud-init] [943]: Started Virtualbox guest utils.Your public key has been saved in /etc/ssh/ssh_host_ecdsa_key.pub.

[   79.402963] [cloud-init[0;32m  OK  [0m[943]: ] The key fingerprint is:Started Apply the settings specified in cloud-config.

[   79.593678] [cloud-init[0;32m  OK  [0m[943]: ] SHA256:0VXVJEQAFEw2p3aJzcaWgSf6ykVnh/zOnXOZcHlhcAc root@ubuntu-xenialStarted LSB: Record successful boot for GRUB.

[   79.802179] [cloud-init[0;32m  OK  [0m[943]: ] The key's randomart image is:Started Login Service.

[   79.802531] cloud-init[943]: +---[ECDSA 256]---+
[   79.992745] [cloud-init[0;32m  OK  [0m[943]: ] |         +B+==E++|Started Pollinate to seed the pseudo random number generator.

[   80.172735]          cloud-initStarting OpenBSD Secure Shell server...[943]: 
|         o+X.= oo|
[   80.300503]          cloud-initStarting Authenticate and Authorize Users to Run Privileged Tasks...[943]: 
|        ..=+X.o .|
[   80.476664]          cloud-initStarting Login to default iSCSI targets...[943]: 
|        .o.+= .o |
[   80.628716] [cloud-init[0;32m  OK  [0m[943]: ] |        So o o. o|Started OpenBSD Secure Shell server.

[   80.796657] [cloud-init[0;32m  OK  [0m[943]: ] |          o  ..o.|Started Authenticate and Authorize Users to Run Privileged Tasks.

[   80.977864] [cloud-init[0;32m  OK  [0m[943]: ] |       . o   oo.=|Started Accounts Service.

[   81.109779] [cloud-init[0;32m  OK  [0m[943]: ] Started Login to default iSCSI targets.|        o     o=o|

[   81.260591] [cloud-init[0;32m  OK  [0m[943]: ] |                o|Reached target Remote File Systems (Pre).

[[   81.260904] [0;32m  OK  [0mcloud-init] [943]: Reached target Remote File Systems.+----[SHA256]-----+

[   81.409482] cloud-init[943]: Generating public/private ed25519 key pair.
[   81.644399]          cloud-initStarting LSB: Set the CPU Frequency Scaling governor to "ondemand"...[943]: 
Your identification has been saved in /etc/ssh/ssh_host_ed25519_key.
[   81.880669]          cloud-initStarting LSB: daemon to balance interrupts for SMP systems...[943]: 
Your public key has been saved in /etc/ssh/ssh_host_ed25519_key.pub.
[   82.104751]          cloud-initStarting LSB: automatic crash report generation...[943]: 
The key fingerprint is:
[   82.264673]          cloud-initStarting Permit User Sessions...[943]: 
SHA256:DIzE12zDuZQytdHDNQ+8SVv29VGCJTuGciA39ulmqQw root@ubuntu-xenial
[   82.428765] [cloud-init[0;32m  OK  [0m[943]: ] The key's randomart image is:Started Permit User Sessions.

[   82.429041] cloud-init[943]: +--[ED25519 256]--+
[   82.628696] [cloud-init[0;32m  OK  [0m[943]: ] |   .. .=B= o=oo o|Started LSB: Set the CPU Frequency Scaling governor to "ondemand".

[[   82.628958] [0;32m  OK  [0mcloud-init] [943]: Started LSB: daemon to balance interrupts for SMP systems.|   ..o++X*+o+*oo.|

[   83.004794] [cloud-init[0;32m  OK  [0m[943]: ] |    ..o=oo=o+*..+|Started LSBB automatic crash report generation.

[   83.183503] [cloud-init[0;32m  OK  [0m[943]: ] |       o.+ o+.  o|Created slice User Slice of vagrant.

[   83.360447] [cloud-init[0;32m  OK  [0m[943]: ] |      E S =      |Started Session 1 of user vagrant.

[   83.360653] cloud-init[943]: |       o +       |
[   83.580537]          cloud-initStarting User Manager for UID 1000...[943]: 
|        o        |
[   83.758020]          cloud-initStarting Hold until boot process finishes up...[943]: 
|                 |
[   83.928700]          cloud-initStarting Terminate Plymouth Boot Screen...[943]: 
|                 |
[   84.092452] [cloud-init[0;32m  OK  [0m[943]: ] +----[SHA256]-----+Started User Manager for UID 1000.

[   84.098535] cloud-init[1074]: Generating locales (this might take a while)...
[   84.365537] [cloud-init[0;32m  OK  [0m[1074]: ]   en_US.UTF-8... doneStarted Hold until boot process finishes up.

[   84.546363] [cloud-init[0;32m  OK  [0m[1074]: ] Generation complete.Started Terminate Plymouth Boot Screen.

[   84.733307] [cloud-init[0;32m  OK  [0m[1074]: ] Cloud-init v. 18.2 running 'modules:config' at Wed, 09 May 2018 07:11:46 +0000. Up 77.28 seconds.Started Serial Getty on ttyS0.

         Starting Set console scheme...
[[0;32m  OK  [0m] Started Getty on tty1.
[[0;32m  OK  [0m] Reached target Login Prompts.
[[0;32m  OK  [0m] Reached target Multi-User System.
[[0;32m  OK  [0m] Reached target Graphical Interface.
         Starting Execute cloud user/final scripts...
         Starting Update UTMP about System Runlevel Changes...
[[0;32m  OK  [0m] Started Set console scheme.
[[0;32m  OK  [0m] Started Update UTMP about System Runlevel Changes.
ci-info: no authorized ssh keys fingerprints found for user ubuntu.
<14>May  9 07:11:54 ec2: 
<14>May  9 07:11:54 ec2: #############################################################
<14>May  9 07:11:54 ec2: -----BEGIN SSH HOST KEY FINGERPRINTS-----
<14>May  9 07:11:54 ec2: 1024 SHA256:4ifrTje7fZ9h6GjKXkjrbAPKK/v5RRiZBgG0Q0IoL0A root@ubuntu-xenial (DSA)
<14>May  9 07:11:54 ec2: 256 SHA256:0VXVJEQAFEw2p3aJzcaWgSf6ykVnh/zOnXOZcHlhcAc root@ubuntu-xenial (ECDSA)
<14>May  9 07:11:54 ec2: 256 SHA256:DIzE12zDuZQytdHDNQ+8SVv29VGCJTuGciA39ulmqQw root@ubuntu-xenial (ED25519)
<14>May  9 07:11:54 ec2: 2048 SHA256:kNpt58XjLwqsphQdNDsuefdICEF/PXvODbe7idLM3LA root@ubuntu-xenial (RSA)
<14>May  9 07:11:54 ec2: -----END SSH HOST KEY FINGERPRINTS-----
<14>May  9 07:11:54 ec2: #############################################################
-----BEGIN SSH HOST KEY KEYS-----
ecdsa-sha2-nistp256 AAAAE2VjZHNhLXNoYTItbmlzdHAyNTYAAAAIbmlzdHAyNTYAAABBBFxJpjbxIczjL49UGaPHcx/V0hX2bhQGUtyLewBdvfQn7/9c3RfnxkC2qqwfVHKKXDsIPx5lXX7r/RDdYILp0TM= root@ubuntu-xenial
ssh-ed25519 AAAAC3NzaC1lZDI1NTE5AAAAIFgAcSLP2/Snmo/yeags2CxMbOrZAPXL7Bnk/MYIB8A3 root@ubuntu-xenial
ssh-rsa AAAAB3NzaC1yc2EAAAADAQABAAABAQDBps/pJNKc61Bz0w7yFGYtWyVBmrfW91PQgFFRJNUeMtBwFuyKJoPPNcDc3kc+wg+6QbrjgCgg3X4iiDdDviOIpNVRjnooRfcQGO9nlV7zo7XzA1Jgd0237ugrQgzC0GtxG8CJNiUlKfiy/AlJItW6yrMLyV+BZ1XxKqDtst4HujktrepCVkHhVfvgwc7VMb0tLZlIDoifA+VrPyyiZtguEAErpc4jws7YOR4nNYxO2N+cei/ysvrsJr4dzaPDLo/uax38oSJxLsDbCRnklD/4Yug6Gfnegs6HWT//8OComTaY/M6kXANzrtgcQMTfNOwyNRR+z5yZNEyCnhFHDlut root@ubuntu-xenial
-----END SSH HOST KEY KEYS-----
[   87.465823] cloud-init[1314]: Cloud-init v. 18.2 running 'modules:final' at Wed, 09 May 2018 07:11:54 +0000. Up 85.60 seconds.
[   87.621414] cloud-init[1314]: ci-info: no authorized ssh keys fingerprints found for user ubuntu.
[   87.621603] cloud-init[1314]: Cloud-init v. 18.2 finished at Wed, 09 May 2018 07:11:56 +0000. Datasource DataSourceNoCloud [seed=/dev/sdb][dsmode=net].  Up 87.45 seconds
[[0;32m  OK  [0m] Started Execute cloud user/final scripts.
[[0;32m  OK  [0m] Started Session 2 of user vagrant.
[[0;32m  OK  [0m] Reached target Cloud-init target.

Ubuntu 16.04.4 LTS ubuntu-xenial ttyS0

ubuntu-xenial login: 